# JRE version: OpenJDK Runtime Environment Corretto-11.0.17.8.1 (11.0.17+8) (build 11.0.17+8-LTS)
# Java VM: OpenJDK 64-Bit Server VM Corretto-11.0.17.8.1 (11.0.17+8-LTS, mixed mode, tiered, compressed oops, g1 gc, windows-amd64)
Heap:
 garbage-first heap   total 155648K, used 55051K [0x0000000082400000, 0x0000000100000000)
  region size 1024K, 41 young (41984K), 7 survivors (7168K)
 Metaspace       used 61586K, capacity 63129K, committed 63312K, reserved 1103872K
  class space    used 7768K, capacity 8398K, committed 8448K, reserved 1048576K
GC Heap History (16 events):
Event: 1.792 GC heap before
{Heap before GC invocations=0 (full 0):
 garbage-first heap   total 129024K, used 15360K [0x0000000082400000, 0x0000000100000000)
  region size 1024K, 14 young (14336K), 0 survivors (0K)
 Metaspace       used 10057K, capacity 10302K, committed 10496K, reserved 1058816K
  class space    used 909K, capacity 984K, committed 1024K, reserved 1048576K
}
Event: 1.802 GC heap after
{Heap after GC invocations=1 (full 0):
 garbage-first heap   total 129024K, used 7132K [0x0000000082400000, 0x0000000100000000)
  region size 1024K, 2 young (2048K), 2 survivors (2048K)
 Metaspace       used 10057K, capacity 10302K, committed 10496K, reserved 1058816K
  class space    used 909K, capacity 984K, committed 1024K, reserved 1048576K
}
Event: 2.540 GC heap before
{Heap before GC invocations=1 (full 0):
 garbage-first heap   total 129024K, used 15324K [0x0000000082400000, 0x0000000100000000)
  region size 1024K, 10 young (10240K), 2 survivors (2048K)
 Metaspace       used 12587K, capacity 12816K, committed 12928K, reserved 1060864K
  class space    used 1217K, capacity 1298K, committed 1408K, reserved 1048576K
}
Event: 2.548 GC heap after
{Heap after GC invocations=2 (full 0):
 garbage-first heap   total 129024K, used 7894K [0x0000000082400000, 0x0000000100000000)
  region size 1024K, 1 young (1024K), 1 survivors (1024K)
 Metaspace       used 12587K, capacity 12816K, committed 12928K, reserved 1060864K
  class space    used 1217K, capacity 1298K, committed 1408K, reserved 1048576K
}
Event: 4.313 GC heap before
{Heap before GC invocations=2 (full 0):
 garbage-first heap   total 129024K, used 33494K [0x0000000082400000, 0x0000000100000000)
  region size 1024K, 26 young (26624K), 1 survivors (1024K)
 Metaspace       used 19113K, capacity 19668K, committed 19968K, reserved 1067008K
  class space    used 2033K, capacity 2232K, committed 2304K, reserved 1048576K
}
Event: 4.330 GC heap after
{Heap after GC invocations=3 (full 0):
 garbage-first heap   total 129024K, used 9374K [0x0000000082400000, 0x0000000100000000)
  region size 1024K, 3 young (3072K), 3 survivors (3072K)
 Metaspace       used 19113K, capacity 19668K, committed 19968K, reserved 1067008K
  class space    used 2033K, capacity 2232K, committed 2304K, reserved 1048576K
}
Event: 4.541 GC heap before
{Heap before GC invocations=3 (full 0):
 garbage-first heap   total 129024K, used 15518K [0x0000000082400000, 0x0000000100000000)
  region size 1024K, 10 young (10240K), 3 survivors (3072K)
 Metaspace       used 20679K, capacity 21190K, committed 21296K, reserved 1069056K
  class space    used 2194K, capacity 2376K, committed 2432K, reserved 1048576K
}
Event: 4.550 GC heap after
{Heap after GC invocations=4 (full 0):
 garbage-first heap   total 129024K, used 9496K [0x0000000082400000, 0x0000000100000000)
  region size 1024K, 3 young (3072K), 3 survivors (3072K)
 Metaspace       used 20679K, capacity 21190K, committed 21296K, reserved 1069056K
  class space    used 2194K, capacity 2376K, committed 2432K, reserved 1048576K
}
Event: 7.238 GC heap before
{Heap before GC invocations=5 (full 0):
 garbage-first heap   total 129024K, used 54552K [0x0000000082400000, 0x0000000100000000)
  region size 1024K, 47 young (48128K), 3 survivors (3072K)
 Metaspace       used 26387K, capacity 27035K, committed 27184K, reserved 1073152K
  class space    used 2895K, capacity 3150K, committed 3200K, reserved 1048576K
}
Event: 7.249 GC heap after
{Heap after GC invocations=6 (full 0):
 garbage-first heap   total 129024K, used 11398K [0x0000000082400000, 0x0000000100000000)
  region size 1024K, 5 young (5120K), 5 survivors (5120K)
 Metaspace       used 26387K, capacity 27035K, committed 27184K, reserved 1073152K
  class space    used 2895K, capacity 3150K, committed 3200K, reserved 1048576K
}
Event: 10.925 GC heap before
{Heap before GC invocations=6 (full 0):
 garbage-first heap   total 129024K, used 62598K [0x0000000082400000, 0x0000000100000000)
  region size 1024K, 56 young (57344K), 5 survivors (5120K)
 Metaspace       used 34804K, capacity 35811K, committed 35888K, reserved 1081344K
  class space    used 3994K, capacity 4405K, committed 4480K, reserved 1048576K
}
Event: 10.952 GC heap after
{Heap after GC invocations=7 (full 0):
 garbage-first heap   total 129024K, used 14972K [0x0000000082400000, 0x0000000100000000)
  region size 1024K, 8 young (8192K), 8 survivors (8192K)
 Metaspace       used 34804K, capacity 35811K, committed 35888K, reserved 1081344K
  class space    used 3994K, capacity 4405K, committed 4480K, reserved 1048576K
}
Event: 16.882 GC heap before
{Heap before GC invocations=8 (full 0):
 garbage-first heap   total 129024K, used 83580K [0x0000000082400000, 0x0000000100000000)
  region size 1024K, 75 young (76800K), 8 survivors (8192K)
 Metaspace       used 46781K, capacity 47954K, committed 48048K, reserved 1091584K
  class space    used 5596K, capacity 6081K, committed 6144K, reserved 1048576K
}
Event: 16.909 GC heap after
{Heap after GC invocations=9 (full 0):
 garbage-first heap   total 129024K, used 18191K [0x0000000082400000, 0x0000000100000000)
  region size 1024K, 7 young (7168K), 7 survivors (7168K)
 Metaspace       used 46781K, capacity 47954K, committed 48048K, reserved 1091584K
  class space    used 5596K, capacity 6081K, committed 6144K, reserved 1048576K
}
Event: 21.580 GC heap before
{Heap before GC invocations=9 (full 0):
 garbage-first heap   total 129024K, used 83727K [0x0000000082400000, 0x0000000100000000)
  region size 1024K, 72 young (73728K), 7 survivors (7168K)
 Metaspace       used 58683K, capacity 60130K, committed 60240K, reserved 1101824K
  class space    used 7346K, capacity 7936K, committed 7936K, reserved 1048576K
}
Event: 21.604 GC heap after
{Heap after GC invocations=10 (full 0):
 garbage-first heap   total 155648K, used 21259K [0x0000000082400000, 0x0000000100000000)
  region size 1024K, 7 young (7168K), 7 survivors (7168K)
 Metaspace       used 58683K, capacity 60130K, committed 60240K, reserved 1101824K
  class space    used 7346K, capacity 7936K, committed 7936K, reserved 1048576K
}

